<?xml version="1.0" encoding="utf-8"?><testsuites name="pytest tests"><testsuite name="pytest" errors="0" failures="1" skipped="0" tests="23" time="1.698" timestamp="2026-01-03T11:38:33.872340+00:00" hostname="agent-env-19c24663-8e0e-4a31-85b0-9d480d49596d"><testcase classname="tests.test_iteration_7.TestAuth" name="test_login_success" time="0.088" /><testcase classname="tests.test_iteration_7.TestAuth" name="test_login_invalid_credentials" time="0.041" /><testcase classname="tests.test_iteration_7.TestReactionRolesAPI" name="test_get_reaction_roles" time="0.078" /><testcase classname="tests.test_iteration_7.TestReactionRolesAPI" name="test_create_reaction_role" time="0.076" /><testcase classname="tests.test_iteration_7.TestReactionRolesAPI" name="test_update_reaction_role" time="0.162" /><testcase classname="tests.test_iteration_7.TestReactionRolesAPI" name="test_delete_reaction_role" time="0.069" /><testcase classname="tests.test_iteration_7.TestReactionRolesAPI" name="test_delete_nonexistent_reaction_role" time="0.038" /><testcase classname="tests.test_iteration_7.TestTicketPanelsAPI" name="test_get_ticket_panels" time="0.034" /><testcase classname="tests.test_iteration_7.TestTicketPanelsAPI" name="test_create_ticket_panel" time="0.042" /><testcase classname="tests.test_iteration_7.TestTicketPanelsAPI" name="test_update_ticket_panel" time="0.105" /><testcase classname="tests.test_iteration_7.TestTicketPanelsAPI" name="test_delete_ticket_panel" time="0.066" /><testcase classname="tests.test_iteration_7.TestTicketPanelsAPI" name="test_delete_nonexistent_panel" time="0.039" /><testcase classname="tests.test_iteration_7.TestTempCreatorsAPI" name="test_get_temp_creators" time="0.037" /><testcase classname="tests.test_iteration_7.TestTempCreatorsAPI" name="test_create_temp_creator" time="0.039" /><testcase classname="tests.test_iteration_7.TestTempCreatorsAPI" name="test_update_temp_creator" time="0.108" /><testcase classname="tests.test_iteration_7.TestTempCreatorsAPI" name="test_delete_temp_creator" time="0.065" /><testcase classname="tests.test_iteration_7.TestTempCreatorsAPI" name="test_delete_nonexistent_creator" time="0.031" /><testcase classname="tests.test_iteration_7.TestGuildConfigGames" name="test_get_guild_config" time="0.034" /><testcase classname="tests.test_iteration_7.TestGuildConfigGames" name="test_update_guild_config_disabled_games" time="0.112"><failure message="AssertionError: assert 'disabled_games' in {'admin_roles': [], 'ai_channel': None, 'ai_enabled': False, 'ai_system_prompt': 'Du bist ein freundlicher Discord-Bot Assistent.', ...}">tests/test_iteration_7.py:481: in test_update_guild_config_disabled_games
    assert "disabled_games" in data
E   AssertionError: assert 'disabled_games' in {'admin_roles': [], 'ai_channel': None, 'ai_enabled': False, 'ai_system_prompt': 'Du bist ein freundlicher Discord-Bot Assistent.', ...}</failure></testcase><testcase classname="tests.test_iteration_7.TestGuildConfigGames" name="test_update_guild_config_games_enabled" time="0.069" /><testcase classname="tests.test_iteration_7.TestCleanup" name="test_cleanup_test_reaction_roles" time="0.074" /><testcase classname="tests.test_iteration_7.TestCleanup" name="test_cleanup_test_ticket_panels" time="0.073" /><testcase classname="tests.test_iteration_7.TestCleanup" name="test_cleanup_test_temp_creators" time="0.067" /></testsuite></testsuites>