<?xml version="1.0" encoding="utf-8"?><testsuites name="pytest tests"><testsuite name="pytest" errors="0" failures="1" skipped="0" tests="31" time="2.567" timestamp="2026-01-03T13:17:15.568742+00:00" hostname="agent-env-19c24663-8e0e-4a31-85b0-9d480d49596d"><testcase classname="tests.test_iteration_8.TestAuth" name="test_login_success" time="0.065" /><testcase classname="tests.test_iteration_8.TestAuth" name="test_login_invalid_credentials" time="0.040" /><testcase classname="tests.test_iteration_8.TestGuildConfig" name="test_get_guild_config" time="0.078" /><testcase classname="tests.test_iteration_8.TestGuildConfig" name="test_update_guild_config" time="0.042" /><testcase classname="tests.test_iteration_8.TestGuildConfig" name="test_update_guild_disabled_games" time="0.239" /><testcase classname="tests.test_iteration_8.TestTempCreators" name="test_get_temp_creators" time="0.042" /><testcase classname="tests.test_iteration_8.TestTempCreators" name="test_create_temp_creator" time="0.096" /><testcase classname="tests.test_iteration_8.TestTempCreators" name="test_update_temp_creator" time="0.112" /><testcase classname="tests.test_iteration_8.TestTempCreators" name="test_delete_temp_creator" time="0.068" /><testcase classname="tests.test_iteration_8.TestTempCreators" name="test_delete_nonexistent_temp_creator" time="0.033" /><testcase classname="tests.test_iteration_8.TestTicketPanels" name="test_get_ticket_panels" time="0.081" /><testcase classname="tests.test_iteration_8.TestTicketPanels" name="test_create_ticket_panel" time="0.070" /><testcase classname="tests.test_iteration_8.TestTicketPanels" name="test_update_ticket_panel" time="0.180" /><testcase classname="tests.test_iteration_8.TestTicketPanels" name="test_delete_ticket_panel" time="0.148" /><testcase classname="tests.test_iteration_8.TestTicketPanels" name="test_delete_nonexistent_ticket_panel" time="0.070" /><testcase classname="tests.test_iteration_8.TestTicketPanels" name="test_send_ticket_panel" time="0.139" /><testcase classname="tests.test_iteration_8.TestReactionRoles" name="test_get_reaction_roles" time="0.076" /><testcase classname="tests.test_iteration_8.TestReactionRoles" name="test_create_reaction_role" time="0.074" /><testcase classname="tests.test_iteration_8.TestReactionRoles" name="test_update_reaction_role" time="0.151" /><testcase classname="tests.test_iteration_8.TestReactionRoles" name="test_delete_reaction_role" time="0.070" /><testcase classname="tests.test_iteration_8.TestReactionRoles" name="test_delete_nonexistent_reaction_role" time="0.031" /><testcase classname="tests.test_iteration_8.TestReactionRoles" name="test_send_reaction_role" time="0.067"><failure message="assert 520 == 200&#10; +  where 520 = &lt;Response [520]&gt;.status_code">tests/test_iteration_8.py:390: in test_send_reaction_role
    assert response.status_code == 200
E   assert 520 == 200
E    +  where 520 = &lt;Response [520]&gt;.status_code</failure></testcase><testcase classname="tests.test_iteration_8.TestLevelRewards" name="test_get_level_rewards" time="0.033" /><testcase classname="tests.test_iteration_8.TestLevelRewards" name="test_create_level_reward" time="0.073" /><testcase classname="tests.test_iteration_8.TestLevelRewards" name="test_delete_level_reward" time="0.066" /><testcase classname="tests.test_iteration_8.TestServerData" name="test_get_server_data" time="0.032" /><testcase classname="tests.test_iteration_8.TestGames" name="test_get_active_games" time="0.034" /><testcase classname="tests.test_iteration_8.TestGames" name="test_get_game_stats" time="0.075" /><testcase classname="tests.test_iteration_8.TestTickets" name="test_get_tickets" time="0.038" /><testcase classname="tests.test_iteration_8.TestTickets" name="test_get_ticket_stats" time="0.037" /><testcase classname="tests.test_iteration_8.TestBotStatus" name="test_get_bot_status" time="0.035" /></testsuite></testsuites>