<?xml version="1.0" encoding="utf-8"?><testsuites name="pytest tests"><testsuite name="pytest" errors="0" failures="0" skipped="0" tests="14" time="1.438" timestamp="2026-01-02T17:22:27.436331+00:00" hostname="agent-env-f02d7120-297f-482d-acc2-bcae4f35cb2e"><testcase classname="tests.test_new_features.TestAuthentication" name="test_login_success" time="0.059" /><testcase classname="tests.test_new_features.TestAuthentication" name="test_login_invalid_credentials" time="0.043" /><testcase classname="tests.test_new_features.TestGuildConfig" name="test_get_guild_config" time="0.077" /><testcase classname="tests.test_new_features.TestGuildConfig" name="test_update_guild_config_temp_channels" time="0.151" /><testcase classname="tests.test_new_features.TestGuildConfig" name="test_update_guild_config_games" time="0.078" /><testcase classname="tests.test_new_features.TestTempChannelsAPI" name="test_list_temp_channels" time="0.118" /><testcase classname="tests.test_new_features.TestTempChannelsAPI" name="test_delete_nonexistent_temp_channel" time="0.078" /><testcase classname="tests.test_new_features.TestReactionRolesAPI" name="test_list_reaction_roles" time="0.068" /><testcase classname="tests.test_new_features.TestReactionRolesAPI" name="test_create_reaction_role" time="0.115" /><testcase classname="tests.test_new_features.TestReactionRolesAPI" name="test_delete_reaction_role" time="0.172" /><testcase classname="tests.test_new_features.TestReactionRolesAPI" name="test_delete_nonexistent_reaction_role" time="0.070" /><testcase classname="tests.test_new_features.TestGamesAPI" name="test_list_active_games" time="0.075" /><testcase classname="tests.test_new_features.TestGamesAPI" name="test_get_game_stats" time="0.074" /><testcase classname="tests.test_new_features.TestCleanup" name="test_cleanup_test_reaction_roles" time="0.147" /></testsuite></testsuites>