<?xml version="1.0" encoding="utf-8"?><testsuites name="pytest tests"><testsuite name="pytest" errors="0" failures="0" skipped="0" tests="28" time="2.276" timestamp="2026-01-02T17:57:24.337863+00:00" hostname="agent-env-f02d7120-297f-482d-acc2-bcae4f35cb2e"><testcase classname="tests.test_new_endpoints.TestServerDataAPI" name="test_get_server_data" time="0.091" /><testcase classname="tests.test_new_endpoints.TestServerDataAPI" name="test_trigger_server_sync" time="0.036" /><testcase classname="tests.test_new_endpoints.TestLevelRewardsAPI" name="test_list_level_rewards" time="0.044" /><testcase classname="tests.test_new_endpoints.TestLevelRewardsAPI" name="test_create_level_reward_role" time="0.074" /><testcase classname="tests.test_new_endpoints.TestLevelRewardsAPI" name="test_create_level_reward_emoji" time="0.031" /><testcase classname="tests.test_new_endpoints.TestLevelRewardsAPI" name="test_toggle_level_reward" time="0.115" /><testcase classname="tests.test_new_endpoints.TestLevelRewardsAPI" name="test_delete_level_reward" time="0.143" /><testcase classname="tests.test_new_endpoints.TestLevelRewardsAPI" name="test_delete_nonexistent_reward" time="0.033" /><testcase classname="tests.test_new_endpoints.TestVoiceStatsAPI" name="test_get_voice_stats" time="0.035" /><testcase classname="tests.test_new_endpoints.TestVoiceStatsAPI" name="test_list_voice_sessions" time="0.037" /><testcase classname="tests.test_new_endpoints.TestVoiceXPConfig" name="test_update_voice_xp_settings" time="0.070" /><testcase classname="tests.test_new_endpoints.TestBotAppearanceConfig" name="test_update_bot_appearance" time="0.089" /><testcase classname="tests.test_new_endpoints.TestBotAppearanceConfig" name="test_update_bot_status_options" time="0.112" /><testcase classname="tests.test_new_endpoints.TestCleanup" name="test_cleanup_test_level_rewards" time="0.144" /><testcase classname="tests.test_new_features.TestAuthentication" name="test_login_success" time="0.039" /><testcase classname="tests.test_new_features.TestAuthentication" name="test_login_invalid_credentials" time="0.077" /><testcase classname="tests.test_new_features.TestGuildConfig" name="test_get_guild_config" time="0.070" /><testcase classname="tests.test_new_features.TestGuildConfig" name="test_update_guild_config_temp_channels" time="0.110" /><testcase classname="tests.test_new_features.TestGuildConfig" name="test_update_guild_config_games" time="0.105" /><testcase classname="tests.test_new_features.TestTempChannelsAPI" name="test_list_temp_channels" time="0.068" /><testcase classname="tests.test_new_features.TestTempChannelsAPI" name="test_delete_nonexistent_temp_channel" time="0.071" /><testcase classname="tests.test_new_features.TestReactionRolesAPI" name="test_list_reaction_roles" time="0.073" /><testcase classname="tests.test_new_features.TestReactionRolesAPI" name="test_create_reaction_role" time="0.109" /><testcase classname="tests.test_new_features.TestReactionRolesAPI" name="test_delete_reaction_role" time="0.132" /><testcase classname="tests.test_new_features.TestReactionRolesAPI" name="test_delete_nonexistent_reaction_role" time="0.068" /><testcase classname="tests.test_new_features.TestGamesAPI" name="test_list_active_games" time="0.067" /><testcase classname="tests.test_new_features.TestGamesAPI" name="test_get_game_stats" time="0.072" /><testcase classname="tests.test_new_features.TestCleanup" name="test_cleanup_test_reaction_roles" time="0.099" /></testsuite></testsuites>