<?xml version="1.0" encoding="utf-8"?><testsuites name="pytest tests"><testsuite name="pytest" errors="0" failures="0" skipped="0" tests="31" time="2.133" timestamp="2026-01-03T13:18:24.403517+00:00" hostname="agent-env-19c24663-8e0e-4a31-85b0-9d480d49596d"><testcase classname="tests.test_iteration_8.TestAuth" name="test_login_success" time="0.067" /><testcase classname="tests.test_iteration_8.TestAuth" name="test_login_invalid_credentials" time="0.040" /><testcase classname="tests.test_iteration_8.TestGuildConfig" name="test_get_guild_config" time="0.075" /><testcase classname="tests.test_iteration_8.TestGuildConfig" name="test_update_guild_config" time="0.035" /><testcase classname="tests.test_iteration_8.TestGuildConfig" name="test_update_guild_disabled_games" time="0.133" /><testcase classname="tests.test_iteration_8.TestTempCreators" name="test_get_temp_creators" time="0.036" /><testcase classname="tests.test_iteration_8.TestTempCreators" name="test_create_temp_creator" time="0.074" /><testcase classname="tests.test_iteration_8.TestTempCreators" name="test_update_temp_creator" time="0.107" /><testcase classname="tests.test_iteration_8.TestTempCreators" name="test_delete_temp_creator" time="0.070" /><testcase classname="tests.test_iteration_8.TestTempCreators" name="test_delete_nonexistent_temp_creator" time="0.075" /><testcase classname="tests.test_iteration_8.TestTicketPanels" name="test_get_ticket_panels" time="0.041" /><testcase classname="tests.test_iteration_8.TestTicketPanels" name="test_create_ticket_panel" time="0.077" /><testcase classname="tests.test_iteration_8.TestTicketPanels" name="test_update_ticket_panel" time="0.099" /><testcase classname="tests.test_iteration_8.TestTicketPanels" name="test_delete_ticket_panel" time="0.108" /><testcase classname="tests.test_iteration_8.TestTicketPanels" name="test_delete_nonexistent_ticket_panel" time="0.036" /><testcase classname="tests.test_iteration_8.TestTicketPanels" name="test_send_ticket_panel" time="0.110" /><testcase classname="tests.test_iteration_8.TestReactionRoles" name="test_get_reaction_roles" time="0.039" /><testcase classname="tests.test_iteration_8.TestReactionRoles" name="test_create_reaction_role" time="0.108" /><testcase classname="tests.test_iteration_8.TestReactionRoles" name="test_update_reaction_role" time="0.111" /><testcase classname="tests.test_iteration_8.TestReactionRoles" name="test_delete_reaction_role" time="0.067" /><testcase classname="tests.test_iteration_8.TestReactionRoles" name="test_delete_nonexistent_reaction_role" time="0.037" /><testcase classname="tests.test_iteration_8.TestReactionRoles" name="test_send_reaction_role" time="0.108" /><testcase classname="tests.test_iteration_8.TestLevelRewards" name="test_get_level_rewards" time="0.037" /><testcase classname="tests.test_iteration_8.TestLevelRewards" name="test_create_level_reward" time="0.068" /><testcase classname="tests.test_iteration_8.TestLevelRewards" name="test_delete_level_reward" time="0.111" /><testcase classname="tests.test_iteration_8.TestServerData" name="test_get_server_data" time="0.035" /><testcase classname="tests.test_iteration_8.TestGames" name="test_get_active_games" time="0.035" /><testcase classname="tests.test_iteration_8.TestGames" name="test_get_game_stats" time="0.032" /><testcase classname="tests.test_iteration_8.TestTickets" name="test_get_tickets" time="0.033" /><testcase classname="tests.test_iteration_8.TestTickets" name="test_get_ticket_stats" time="0.034" /><testcase classname="tests.test_iteration_8.TestBotStatus" name="test_get_bot_status" time="0.031" /></testsuite></testsuites>