<?xml version="1.0" encoding="utf-8"?><testsuites name="pytest tests"><testsuite name="pytest" errors="0" failures="0" skipped="0" tests="23" time="1.562" timestamp="2026-01-03T11:39:15.245457+00:00" hostname="agent-env-19c24663-8e0e-4a31-85b0-9d480d49596d"><testcase classname="tests.test_iteration_7.TestAuth" name="test_login_success" time="0.054" /><testcase classname="tests.test_iteration_7.TestAuth" name="test_login_invalid_credentials" time="0.033" /><testcase classname="tests.test_iteration_7.TestReactionRolesAPI" name="test_get_reaction_roles" time="0.066" /><testcase classname="tests.test_iteration_7.TestReactionRolesAPI" name="test_create_reaction_role" time="0.036" /><testcase classname="tests.test_iteration_7.TestReactionRolesAPI" name="test_update_reaction_role" time="0.107" /><testcase classname="tests.test_iteration_7.TestReactionRolesAPI" name="test_delete_reaction_role" time="0.071" /><testcase classname="tests.test_iteration_7.TestReactionRolesAPI" name="test_delete_nonexistent_reaction_role" time="0.036" /><testcase classname="tests.test_iteration_7.TestTicketPanelsAPI" name="test_get_ticket_panels" time="0.036" /><testcase classname="tests.test_iteration_7.TestTicketPanelsAPI" name="test_create_ticket_panel" time="0.041" /><testcase classname="tests.test_iteration_7.TestTicketPanelsAPI" name="test_update_ticket_panel" time="0.103" /><testcase classname="tests.test_iteration_7.TestTicketPanelsAPI" name="test_delete_ticket_panel" time="0.065" /><testcase classname="tests.test_iteration_7.TestTicketPanelsAPI" name="test_delete_nonexistent_panel" time="0.034" /><testcase classname="tests.test_iteration_7.TestTempCreatorsAPI" name="test_get_temp_creators" time="0.036" /><testcase classname="tests.test_iteration_7.TestTempCreatorsAPI" name="test_create_temp_creator" time="0.034" /><testcase classname="tests.test_iteration_7.TestTempCreatorsAPI" name="test_update_temp_creator" time="0.144" /><testcase classname="tests.test_iteration_7.TestTempCreatorsAPI" name="test_delete_temp_creator" time="0.111" /><testcase classname="tests.test_iteration_7.TestTempCreatorsAPI" name="test_delete_nonexistent_creator" time="0.075" /><testcase classname="tests.test_iteration_7.TestGuildConfigGames" name="test_get_guild_config" time="0.033" /><testcase classname="tests.test_iteration_7.TestGuildConfigGames" name="test_update_guild_config_disabled_games" time="0.106" /><testcase classname="tests.test_iteration_7.TestGuildConfigGames" name="test_update_guild_config_games_enabled" time="0.073" /><testcase classname="tests.test_iteration_7.TestCleanup" name="test_cleanup_test_reaction_roles" time="0.070" /><testcase classname="tests.test_iteration_7.TestCleanup" name="test_cleanup_test_ticket_panels" time="0.072" /><testcase classname="tests.test_iteration_7.TestCleanup" name="test_cleanup_test_temp_creators" time="0.070" /></testsuite></testsuites>