<?xml version="1.0" encoding="utf-8"?><testsuites name="pytest tests"><testsuite name="pytest" errors="0" failures="0" skipped="0" tests="25" time="2.416" timestamp="2026-01-02T18:12:19.390338+00:00" hostname="agent-env-f02d7120-297f-482d-acc2-bcae4f35cb2e"><testcase classname="tests.test_ticket_temp_creators.TestTicketPanelsAPI" name="test_list_ticket_panels" time="0.115" /><testcase classname="tests.test_ticket_temp_creators.TestTicketPanelsAPI" name="test_create_ticket_panel_basic" time="0.127" /><testcase classname="tests.test_ticket_temp_creators.TestTicketPanelsAPI" name="test_create_ticket_panel_with_categories" time="0.036" /><testcase classname="tests.test_ticket_temp_creators.TestTicketPanelsAPI" name="test_create_ticket_panel_with_custom_fields" time="0.034" /><testcase classname="tests.test_ticket_temp_creators.TestTicketPanelsAPI" name="test_get_ticket_panel_by_id" time="0.073" /><testcase classname="tests.test_ticket_temp_creators.TestTicketPanelsAPI" name="test_update_ticket_panel" time="0.106" /><testcase classname="tests.test_ticket_temp_creators.TestTicketPanelsAPI" name="test_delete_ticket_panel" time="0.149" /><testcase classname="tests.test_ticket_temp_creators.TestTicketPanelsAPI" name="test_delete_nonexistent_panel" time="0.032" /><testcase classname="tests.test_ticket_temp_creators.TestTicketsAPI" name="test_list_tickets" time="0.040" /><testcase classname="tests.test_ticket_temp_creators.TestTicketsAPI" name="test_list_tickets_by_status" time="0.112" /><testcase classname="tests.test_ticket_temp_creators.TestTicketsAPI" name="test_get_ticket_stats" time="0.035" /><testcase classname="tests.test_ticket_temp_creators.TestTempCreatorsAPI" name="test_list_temp_creators" time="0.036" /><testcase classname="tests.test_ticket_temp_creators.TestTempCreatorsAPI" name="test_create_temp_creator_basic" time="0.043" /><testcase classname="tests.test_ticket_temp_creators.TestTempCreatorsAPI" name="test_create_temp_creator_letter_numbering" time="0.040" /><testcase classname="tests.test_ticket_temp_creators.TestTempCreatorsAPI" name="test_create_temp_creator_superscript" time="0.038" /><testcase classname="tests.test_ticket_temp_creators.TestTempCreatorsAPI" name="test_create_temp_creator_subscript" time="0.035" /><testcase classname="tests.test_ticket_temp_creators.TestTempCreatorsAPI" name="test_create_temp_creator_roman" time="0.034" /><testcase classname="tests.test_ticket_temp_creators.TestTempCreatorsAPI" name="test_create_temp_creator_custom_permissions" time="0.033" /><testcase classname="tests.test_ticket_temp_creators.TestTempCreatorsAPI" name="test_get_temp_creator_by_id" time="0.071" /><testcase classname="tests.test_ticket_temp_creators.TestTempCreatorsAPI" name="test_update_temp_creator" time="0.105" /><testcase classname="tests.test_ticket_temp_creators.TestTempCreatorsAPI" name="test_delete_temp_creator" time="0.152" /><testcase classname="tests.test_ticket_temp_creators.TestTempCreatorsAPI" name="test_delete_nonexistent_creator" time="0.031" /><testcase classname="tests.test_ticket_temp_creators.TestNumberingFunction" name="test_numbering_via_api" time="0.226" /><testcase classname="tests.test_ticket_temp_creators.TestCleanup" name="test_cleanup_test_ticket_panels" time="0.221" /><testcase classname="tests.test_ticket_temp_creators.TestCleanup" name="test_cleanup_test_temp_creators" time="0.400" /></testsuite></testsuites>