<?xml version="1.0" encoding="utf-8"?><testsuites name="pytest tests"><testsuite name="pytest" errors="0" failures="0" skipped="0" tests="21" time="1.538" timestamp="2026-01-02T18:51:24.741104+00:00" hostname="agent-env-19c24663-8e0e-4a31-85b0-9d480d49596d"><testcase classname="tests.test_iteration_6.TestAuth" name="test_login_success" time="0.062" /><testcase classname="tests.test_iteration_6.TestAuth" name="test_login_invalid_credentials" time="0.036" /><testcase classname="tests.test_iteration_6.TestAuth" name="test_auth_me_with_token" time="0.072" /><testcase classname="tests.test_iteration_6.TestTempCreators" name="test_get_temp_creators" time="0.081" /><testcase classname="tests.test_iteration_6.TestTempCreators" name="test_create_temp_creator" time="0.073" /><testcase classname="tests.test_iteration_6.TestTempCreators" name="test_create_temp_creator_with_letter_numbering" time="0.072" /><testcase classname="tests.test_iteration_6.TestTempCreators" name="test_delete_temp_creator" time="0.071" /><testcase classname="tests.test_iteration_6.TestTempCreators" name="test_delete_nonexistent_temp_creator" time="0.035" /><testcase classname="tests.test_iteration_6.TestTicketPanels" name="test_get_ticket_panels" time="0.076" /><testcase classname="tests.test_iteration_6.TestTicketPanels" name="test_create_ticket_panel" time="0.067" /><testcase classname="tests.test_iteration_6.TestTicketPanels" name="test_delete_ticket_panel" time="0.070" /><testcase classname="tests.test_iteration_6.TestTicketPanels" name="test_delete_nonexistent_ticket_panel" time="0.079" /><testcase classname="tests.test_iteration_6.TestTicketPanels" name="test_get_tickets" time="0.042" /><testcase classname="tests.test_iteration_6.TestTicketPanels" name="test_get_ticket_stats" time="0.039" /><testcase classname="tests.test_iteration_6.TestLevelRewards" name="test_get_level_rewards" time="0.084" /><testcase classname="tests.test_iteration_6.TestLevelRewards" name="test_create_level_reward" time="0.072" /><testcase classname="tests.test_iteration_6.TestLevelRewards" name="test_delete_level_reward" time="0.067" /><testcase classname="tests.test_iteration_6.TestServerData" name="test_get_server_data" time="0.073" /><testcase classname="tests.test_iteration_6.TestGuildConfig" name="test_get_guild_config" time="0.111" /><testcase classname="tests.test_iteration_6.TestGuildConfig" name="test_get_leaderboard" time="0.042" /><testcase classname="tests.test_iteration_6.TestBotStatus" name="test_get_bot_status" time="0.080" /></testsuite></testsuites>